<?xml version="1.0" encoding="UTF-8"?>
<testsuite xmlns:xsi="http://www.w3.org/2001/XMLSchema-instance" xsi:schemaLocation="https://maven.apache.org/surefire/maven-surefire-plugin/xsd/surefire-test-report.xsd" name="com.between.precio.PrecioApplicationTest" time="9.003" tests="5" errors="0" skipped="0" failures="0">
  <properties>
[...]
</properties>
  <testcase name="testprices_14_1000" classname="com.between.precio.PrecioApplicationTest" time="0.378"/>
  <testcase name="testprices_14_1600" classname="com.between.precio.PrecioApplicationTest" time="0.016"/>
  <testcase name="testprices_14_2100" classname="com.between.precio.PrecioApplicationTest" time="0.011"/>
  <testcase name="testprices_15_1000" classname="com.between.precio.PrecioApplicationTest" time="0.009"/>
  <testcase name="testprices_16_2100" classname="com.between.precio.PrecioApplicationTest" time="0.011"/>
</testsuite>